<?xml version="1.0" encoding="UTF-8"?>
<!-- Generated by org.testng.reporters.JUnitReportReporter -->
<testsuite hostname="LAPTOP-5TIT49CS" failures="0" tests="2" name="com.Hrms.tests.TestPIMPage" time="0.011" errors="0" timestamp="2025-01-11T08:03:10 IST" skipped="1">
  <testcase classname="com.Hrms.tests.TestPIMPage" name="editEmployeeDetails" time="0.011"/>
  <system-out/>
  <testcase classname="com.Hrms.tests.TestPIMPage" name="addEmployee">
    <skipped/>
  </testcase> <!-- addEmployee -->
  <system-out/>
</testsuite> <!-- com.Hrms.tests.TestPIMPage -->
