<?xml version="1.0" encoding="UTF-8"?>
<!-- Generated by org.testng.reporters.JUnitReportReporter -->
<testsuite hostname="LAPTOP-5TIT49CS" failures="0" tests="1" name="com.Hrms.tests.LoginTest" time="5.553" errors="0" timestamp="2025-01-02T20:01:51 IST" skipped="0">
  <testcase classname="com.Hrms.tests.LoginTest" name="testOne" time="5.553"/>
  <system-out/>
</testsuite> <!-- com.Hrms.tests.LoginTest -->
