<?xml version="1.0" encoding="UTF-8"?>
<!-- Generated by org.testng.reporters.JUnitReportReporter -->
<testsuite hostname="LAPTOP-5TIT49CS" failures="0" tests="1" name="com.Hrms.tests.SeleniumTest" time="6.061" errors="0" timestamp="2024-12-31T16:44:28 IST" skipped="0">
  <testcase classname="com.Hrms.tests.SeleniumTest" name="testFindElement" time="6.061"/>
  <system-out/>
</testsuite> <!-- com.Hrms.tests.SeleniumTest -->
